<?xml version="1.0" encoding="UTF-8"?>
<testsuite xmlns:xsi="http://www.w3.org/2001/XMLSchema-instance" xsi:noNamespaceSchemaLocation="https://maven.apache.org/surefire/maven-surefire-plugin/xsd/surefire-test-report.xsd" version="3.0.2" name="co.edu.unicauca.distribuidos.core.ProyectoApiRestClienteApplicationTests" time="1.31" tests="1" errors="0" skipped="0" failures="0">
  <properties>
[...]
</properties>
  <testcase name="contextLoads" classname="co.edu.unicauca.distribuidos.core.ProyectoApiRestClienteApplicationTests" time="0.327">
    <system-out><![CDATA[20:53:36.251 [main] INFO org.springframework.boot.devtools.restart.RestartApplicationListener -- Restart disabled due to context in which it is running

  .   ____          _            __ _ _
 /\\ / ___'_ __ _ _(_)_ __  __ _ \ \ \ \
( ( )\___ | '_ | '_| | '_ \/ _` | \ \ \ \
 \\/  ___)| |_)| | | | | || (_| |  ) ) ) )
  '  |____| .__|_| |_|_| |_\__, | / / / /
 =========|_|==============|___/=/_/_/_/

 :: Spring Boot ::                (v3.4.4)

2025-05-10T20:53:36.347-05:00  INFO 55700 --- [           main] c.ProyectoApiRestClienteApplicationTests : Starting ProyectoApiRestClienteApplicationTests using Java 17.0.14 with PID 55700 (started by danielceron in /Users/danielceron/Documents/lab-software-engeneering-3/exam2/backend)
2025-05-10T20:53:36.347-05:00  INFO 55700 --- [           main] c.ProyectoApiRestClienteApplicationTests : No active profile set, falling back to 1 default profile: "default"
2025-05-10T20:53:36.964-05:00  INFO 55700 --- [           main] com.zaxxer.hikari.HikariDataSource       : HikariPool-1 - Starting...
2025-05-10T20:53:37.029-05:00  INFO 55700 --- [           main] com.zaxxer.hikari.pool.HikariPool        : HikariPool-1 - Added connection conn0: url=jdbc:h2:mem:testdb user=SA
2025-05-10T20:53:37.030-05:00  INFO 55700 --- [           main] com.zaxxer.hikari.HikariDataSource       : HikariPool-1 - Start completed.
2025-05-10T20:53:37.034-05:00  INFO 55700 --- [           main] o.s.b.a.h2.H2ConsoleAutoConfiguration    : H2 console available at '/h2-console'. Database available at 'jdbc:h2:mem:testdb'
2025-05-10T20:53:37.039-05:00 DEBUG 55700 --- [           main] o.s.jdbc.datasource.init.ScriptUtils     : Executing SQL script from file [/Users/danielceron/Documents/lab-software-engeneering-3/exam2/backend/target/classes/schema.sql]
2025-05-10T20:53:37.043-05:00 DEBUG 55700 --- [           main] o.s.jdbc.datasource.init.ScriptUtils     : 0 returned as update count for SQL: CREATE TABLE categorias ( id INT AUTO_INCREMENT PRIMARY KEY, nombreCategoria VARCHAR(255) )
2025-05-10T20:53:37.048-05:00 DEBUG 55700 --- [           main] o.s.jdbc.datasource.init.ScriptUtils     : 0 returned as update count for SQL: CREATE TABLE clientes ( id INT AUTO_INCREMENT PRIMARY KEY, nombre VARCHAR(255), apellido VARCHAR(255), email VARCHAR(255), createAt DATE, idCategoria INT, FOREIGN KEY (idCategoria) REFERENCES categorias (id) )
2025-05-10T20:53:37.048-05:00 DEBUG 55700 --- [           main] o.s.jdbc.datasource.init.ScriptUtils     : 0 returned as update count for SQL: CREATE TABLE salones ( id INT AUTO_INCREMENT PRIMARY KEY, code VARCHAR(100), name VARCHAR(255), location VARCHAR(255) )
2025-05-10T20:53:37.050-05:00 DEBUG 55700 --- [           main] o.s.jdbc.datasource.init.ScriptUtils     : 0 returned as update count for SQL: CREATE TABLE reservas ( id INT AUTO_INCREMENT PRIMARY KEY, name VARCHAR(255), surname VARCHAR(255), location VARCHAR(255), people_amount INT, date DATE, start_time TIME, end_time TIME, salon_id INT, FOREIGN KEY (salon_id) REFERENCES salones (id) )
2025-05-10T20:53:37.050-05:00 DEBUG 55700 --- [           main] o.s.jdbc.datasource.init.ScriptUtils     : Executed SQL script from file [/Users/danielceron/Documents/lab-software-engeneering-3/exam2/backend/target/classes/schema.sql] in 11 ms.
2025-05-10T20:53:37.051-05:00 DEBUG 55700 --- [           main] o.s.jdbc.datasource.init.ScriptUtils     : Executing SQL script from file [/Users/danielceron/Documents/lab-software-engeneering-3/exam2/backend/target/classes/data.sql]
2025-05-10T20:53:37.052-05:00 DEBUG 55700 --- [           main] o.s.jdbc.datasource.init.ScriptUtils     : 1 returned as update count for SQL: INSERT INTO categorias (id, nombreCategoria) VALUES (1, 'Bronce')
2025-05-10T20:53:37.052-05:00 DEBUG 55700 --- [           main] o.s.jdbc.datasource.init.ScriptUtils     : 1 returned as update count for SQL: INSERT INTO categorias (id, nombreCategoria) VALUES (2, 'Plata')
2025-05-10T20:53:37.052-05:00 DEBUG 55700 --- [           main] o.s.jdbc.datasource.init.ScriptUtils     : 1 returned as update count for SQL: INSERT INTO categorias (id, nombreCategoria) VALUES (3, 'Oro')
2025-05-10T20:53:37.053-05:00 DEBUG 55700 --- [           main] o.s.jdbc.datasource.init.ScriptUtils     : 1 returned as update count for SQL: INSERT INTO clientes (nombre, apellido, email, createAt, idCategoria) VALUES ('Juan', 'Perez', 'juan@unicauca.edu.co', '2025-01-22', 1)
2025-05-10T20:53:37.053-05:00 DEBUG 55700 --- [           main] o.s.jdbc.datasource.init.ScriptUtils     : 1 returned as update count for SQL: INSERT INTO clientes (nombre, apellido, email, createAt, idCategoria) VALUES ('Catalina', 'Lopez', 'catalina@unicauca.edu.co', '2025-03-22', 2)
2025-05-10T20:53:37.053-05:00 DEBUG 55700 --- [           main] o.s.jdbc.datasource.init.ScriptUtils     : 1 returned as update count for SQL: INSERT INTO clientes (nombre, apellido, email, createAt, idCategoria) VALUES ('Sandra', 'Sanchez', 'sandra@unicauca.edu.co', '2025-06-22', 3)
2025-05-10T20:53:37.053-05:00 DEBUG 55700 --- [           main] o.s.jdbc.datasource.init.ScriptUtils     : 1 returned as update count for SQL: INSERT INTO clientes (nombre, apellido, email, createAt, idCategoria) VALUES ('Andres', 'Perez', 'andres@unicauca.edu.co', '2025-04-22', 1)
2025-05-10T20:53:37.053-05:00 DEBUG 55700 --- [           main] o.s.jdbc.datasource.init.ScriptUtils     : 3 returned as update count for SQL: INSERT INTO salones (code, name, location) VALUES ('SAL001', 'Auditorio Principal', 'Edificio A'), ('SAL002', 'Sala de Conferencias', 'Edificio B'), ('SAL003', 'Laboratorio de Computación', 'Edificio C')
2025-05-10T20:53:37.054-05:00 DEBUG 55700 --- [           main] o.s.jdbc.datasource.init.ScriptUtils     : 3 returned as update count for SQL: INSERT INTO reservas (name, surname, location, people_amount, date, start_time, end_time, salon_id) VALUES ('Carlos', 'Gomez', 'Medellín', 20, '2025-05-12', '09:00', '11:00', 1), ('Maria', 'Rodriguez', 'Cali', 15, '2025-05-13', '13:00', '15:00', 2), ('Luis', 'Martinez', 'Bogotá', 30, '2025-05-14', '16:00', '18:00', 3)
2025-05-10T20:53:37.054-05:00 DEBUG 55700 --- [           main] o.s.jdbc.datasource.init.ScriptUtils     : Executed SQL script from file [/Users/danielceron/Documents/lab-software-engeneering-3/exam2/backend/target/classes/data.sql] in 3 ms.
2025-05-10T20:53:37.065-05:00  INFO 55700 --- [           main] o.s.b.a.e.web.EndpointLinksResolver      : Exposing 1 endpoint beneath base path '/actuator'
2025-05-10T20:53:37.095-05:00  INFO 55700 --- [           main] c.ProyectoApiRestClienteApplicationTests : Started ProyectoApiRestClienteApplicationTests in 0.848 seconds (process running for 1.142)
]]></system-out>
  </testcase>
</testsuite>